<?xml version="1.0" encoding="UTF-8"?>
<!-- Generated by org.testng.reporters.JUnitReportReporter -->
<testsuite hostname="DESKTOP-QQACKJ4" name="BatchExecution.UpdateVirtualMachine_AddUser" tests="3" failures="0" timestamp="5 Sep 2017 00:44:59 GMT" time="72.075" errors="0">
  <testcase name="cNetLogoutScenario" time="2.194" classname="BatchExecution.UpdateVirtualMachine_AddUser"/>
  <testcase name="UpdateVirtualMachine" time="58.558" classname="BatchExecution.UpdateVirtualMachine_AddUser"/>
  <testcase name="cNetLoginScenario" time="11.323" classname="BatchExecution.UpdateVirtualMachine_AddUser"/>
</testsuite> <!-- BatchExecution.UpdateVirtualMachine_AddUser -->
