<?xml version="1.0" encoding="UTF-8"?>
<!-- Generated by org.testng.reporters.JUnitReportReporter -->
<testsuite hostname="DESKTOP-QQACKJ4" name="BatchExecution.UpdateVirtualMachine_RemoveUser" tests="3" failures="0" timestamp="25 Jul 2017 16:06:22 GMT" time="10.900" errors="1">
  <testcase name="UpdateVirtualMachine" time="1.683" classname="BatchExecution.UpdateVirtualMachine_RemoveUser">
    <error type="org.testng.TestNGException" message="
The data provider is trying to pass 10 parameters but the method BatchExecution.UpdateVirtualMachine_RemoveUser#UpdateVirtualMachine takes 13 and TestNG is unable in inject a suitable object">
      <![CDATA[org.testng.TestNGException: 
The data provider is trying to pass 10 parameters but the method BatchExecution.UpdateVirtualMachine_RemoveUser#UpdateVirtualMachine takes 13 and TestNG is unable in inject a suitable object
	at org.testng.internal.Invoker.injectParameters(Invoker.java:1249)
	at org.testng.internal.Invoker.invokeTestMethods(Invoker.java:1118)
	at org.testng.internal.TestMethodWorker.invokeTestMethods(TestMethodWorker.java:125)
	at org.testng.internal.TestMethodWorker.run(TestMethodWorker.java:108)
	at org.testng.TestRunner.privateRun(TestRunner.java:774)
	at org.testng.TestRunner.run(TestRunner.java:624)
	at org.testng.SuiteRunner.runTest(SuiteRunner.java:359)
	at org.testng.SuiteRunner.runSequentially(SuiteRunner.java:354)
	at org.testng.SuiteRunner.privateRun(SuiteRunner.java:312)
	at org.testng.SuiteRunner.run(SuiteRunner.java:261)
	at org.testng.SuiteRunnerWorker.runSuite(SuiteRunnerWorker.java:52)
	at org.testng.SuiteRunnerWorker.run(SuiteRunnerWorker.java:86)
	at org.testng.TestNG.runSuitesSequentially(TestNG.java:1215)
	at org.testng.TestNG.runSuitesLocally(TestNG.java:1140)
	at org.testng.TestNG.run(TestNG.java:1048)
	at org.testng.remote.AbstractRemoteTestNG.run(AbstractRemoteTestNG.java:132)
	at org.testng.remote.RemoteTestNG.initAndRun(RemoteTestNG.java:230)
	at org.testng.remote.RemoteTestNG.main(RemoteTestNG.java:76)
Caused by: java.lang.ArrayIndexOutOfBoundsException: 10
	at org.testng.internal.Invoker.injectParameters(Invoker.java:1245)
	... 17 more
]]>
    </error>
  </testcase> <!-- UpdateVirtualMachine -->
  <testcase name="cNetLoginScenario" time="7.148" classname="BatchExecution.UpdateVirtualMachine_RemoveUser"/>
  <testcase name="cNetLogoutScenario" time="2.069" classname="BatchExecution.UpdateVirtualMachine_RemoveUser"/>
</testsuite> <!-- BatchExecution.UpdateVirtualMachine_RemoveUser -->
