<?xml version="1.0" encoding="UTF-8"?>
<!-- Generated by org.testng.reporters.JUnitReportReporter -->
<testsuite hostname="DESKTOP-QQACKJ4" name="BatchExecution.UpdateVMScenario" tests="10" failures="0" timestamp="27 Jul 2017 17:41:37 GMT" time="762.739" errors="0">
  <testcase name="cNetLogoutScenario" time="3.451" classname="BatchExecution.UpdateVMScenario"/>
  <testcase name="cNetLoginScenario" time="8.399" classname="BatchExecution.UpdateVMScenario"/>
  <testcase name="UpdateVirtualMachine" time="89.836" classname="BatchExecution.UpdateVMScenario"/>
  <testcase name="UpdateVirtualMachine" time="107.105" classname="BatchExecution.UpdateVMScenario"/>
  <testcase name="UpdateVirtualMachine" time="96.106" classname="BatchExecution.UpdateVMScenario"/>
  <testcase name="UpdateVirtualMachine" time="105.218" classname="BatchExecution.UpdateVMScenario"/>
  <testcase name="UpdateVirtualMachine1" time="86.208" classname="BatchExecution.UpdateVMScenario"/>
  <testcase name="UpdateVirtualMachine1" time="87.705" classname="BatchExecution.UpdateVMScenario"/>
  <testcase name="UpdateVirtualMachine" time="90.914" classname="BatchExecution.UpdateVMScenario"/>
  <testcase name="UpdateVirtualMachine" time="87.797" classname="BatchExecution.UpdateVMScenario"/>
</testsuite> <!-- BatchExecution.UpdateVMScenario -->
