<?xml version="1.0" encoding="UTF-8"?>
<!-- Generated by org.testng.reporters.JUnitReportReporter -->
<testsuite hostname="DESKTOP-QQACKJ4" name="BatchExecution.UpdateVMScenario" tests="3" failures="0" timestamp="31 Aug 2017 18:37:32 GMT" time="100.038" errors="0">
  <testcase name="UpdateVirtualMachine" time="86.846" classname="BatchExecution.UpdateVMScenario"/>
  <testcase name="cNetLogoutScenario" time="3.111" classname="BatchExecution.UpdateVMScenario"/>
  <testcase name="cNetLoginScenario" time="10.081" classname="BatchExecution.UpdateVMScenario"/>
</testsuite> <!-- BatchExecution.UpdateVMScenario -->
