<?xml version="1.0" encoding="UTF-8"?>
<!-- Generated by org.testng.reporters.JUnitReportReporter -->
<testsuite hostname="DESKTOP-QQACKJ4" name="BatchExecution.UpdateVMScenario" tests="3" failures="0" timestamp="25 Jul 2017 19:15:31 GMT" time="114.390" errors="0">
  <testcase name="cNetLoginScenario" time="10.191" classname="BatchExecution.UpdateVMScenario"/>
  <testcase name="UpdateVirtualMachine1" time="100.950" classname="BatchExecution.UpdateVMScenario"/>
  <testcase name="cNetLogoutScenario" time="3.249" classname="BatchExecution.UpdateVMScenario"/>
</testsuite> <!-- BatchExecution.UpdateVMScenario -->
